TN:
SF:/Users/justice/dev/veui/packages/veui/src/managers/config.js
FN:4,set
FN:8,(anonymous_1)
FN:31,(anonymous_2)
FN:40,(anonymous_3)
FN:44,(anonymous_4)
FN:48,(anonymous_5)
FN:52,(anonymous_6)
FN:56,(anonymous_7)
FN:60,(anonymous_8)
FNF:9
FNH:9
FNDA:62,set
FNDA:26,(anonymous_1)
FNDA:17,(anonymous_2)
FNDA:22,(anonymous_3)
FNDA:14,(anonymous_4)
FNDA:9,(anonymous_5)
FNDA:8,(anonymous_6)
FNDA:5,(anonymous_7)
FNDA:30,(anonymous_8)
DA:5,62
DA:6,19
DA:7,19
DA:8,19
DA:9,26
DA:11,19
DA:14,43
DA:15,4
DA:18,39
DA:19,39
DA:20,35
DA:21,24
DA:22,24
DA:24,24
DA:27,11
DA:28,2
DA:31,9
DA:32,17
DA:33,13
DA:41,22
DA:45,14
DA:49,9
DA:53,8
DA:57,5
DA:61,30
DA:65,1
LF:26
LH:26
BRDA:5,0,0,19
BRDA:5,0,1,43
BRDA:14,1,0,4
BRDA:14,1,1,39
BRDA:18,2,0,19
BRDA:18,2,1,20
BRDA:19,3,0,35
BRDA:19,3,1,4
BRDA:19,4,0,39
BRDA:19,4,1,15
BRDA:19,4,2,8
BRDA:20,5,0,24
BRDA:20,5,1,11
BRDA:21,6,0,24
BRDA:21,6,1,0
BRDA:21,7,0,24
BRDA:21,7,1,0
BRDA:27,8,0,2
BRDA:27,8,1,9
BRDA:27,9,0,11
BRDA:27,9,1,10
BRDA:32,10,0,13
BRDA:32,10,1,4
BRDA:32,11,0,17
BRDA:32,11,1,9
BRF:25
BRH:23
end_of_record
TN:
SF:/Users/justice/dev/veui/packages/veui/src/managers/type.js
FN:5,(anonymous_0)
FN:16,(anonymous_1)
FN:20,(anonymous_2)
FN:25,(anonymous_3)
FN:34,cloneBuiltIn
FN:35,(anonymous_5)
FNF:6
FNH:4
FNDA:1,(anonymous_0)
FNDA:30,(anonymous_1)
FNDA:0,(anonymous_2)
FNDA:0,(anonymous_3)
FNDA:94,cloneBuiltIn
FNDA:94,(anonymous_5)
DA:6,1
DA:10,0
DA:17,30
DA:21,0
DA:22,0
DA:25,0
DA:26,0
DA:27,0
DA:29,0
DA:35,94
DA:36,94
DA:37,0
DA:41,1
LF:13
LH:5
BRDA:21,0,0,0
BRDA:21,0,1,0
BRDA:26,1,0,0
BRDA:26,1,1,0
BRDA:36,2,0,0
BRDA:36,2,1,94
BRF:6
BRH:1
end_of_record
TN:
SF:/Users/justice/dev/veui/packages/veui/src/utils/lang.js
FN:1,getTypeByInstance
FN:9,getType
FN:14,isType
FNF:3
FNH:3
FNDA:94,getTypeByInstance
FNDA:282,getType
FNDA:94,isType
DA:2,94
DA:3,94
DA:5,0
DA:10,282
DA:11,282
DA:15,94
LF:6
LH:5
BRDA:2,0,0,94
BRDA:2,0,1,0
BRDA:2,1,0,94
BRDA:2,1,1,94
BRDA:10,2,0,282
BRDA:10,2,1,282
BRDA:11,3,0,188
BRDA:11,3,1,94
BRF:8
BRH:7
end_of_record
TN:
SF:/Users/justice/dev/veui/packages/veui/src/utils/dom.js
FN:1,closest
FN:20,testIndeterminate
FN:34,patchIndeterminate
FN:54,(anonymous_3)
FN:55,(anonymous_4)
FN:61,(anonymous_5)
FN:80,contains
FNF:7
FNH:1
FNDA:4,closest
FNDA:0,testIndeterminate
FNDA:0,patchIndeterminate
FNDA:0,(anonymous_3)
FNDA:0,(anonymous_4)
FNDA:0,(anonymous_5)
FNDA:0,contains
DA:2,4
DA:3,0
DA:7,4
DA:10,4
DA:11,12
DA:12,12
DA:15,4
DA:18,1
DA:21,0
DA:22,0
DA:23,0
DA:24,0
DA:25,0
DA:26,0
DA:27,0
DA:28,0
DA:35,0
DA:36,0
DA:39,0
DA:42,0
DA:48,0
DA:49,0
DA:50,0
DA:51,0
DA:52,0
DA:54,0
DA:55,0
DA:56,0
DA:61,0
DA:62,0
DA:63,0
DA:65,0
DA:66,0
DA:67,0
DA:68,0
DA:81,0
LF:36
LH:7
BRDA:2,0,0,0
BRDA:2,0,1,4
BRDA:7,1,0,4
BRDA:7,1,1,4
BRDA:13,2,0,12
BRDA:13,2,1,9
BRDA:12,3,0,17
BRDA:12,3,1,8
BRDA:35,4,0,0
BRDA:35,4,1,0
BRDA:39,5,0,0
BRDA:39,5,1,0
BRDA:39,6,0,0
BRDA:39,6,1,0
BRDA:39,6,2,0
BRDA:39,6,3,0
BRDA:39,6,4,0
BRDA:49,7,0,0
BRDA:49,7,1,0
BRDA:50,8,0,0
BRDA:50,8,1,0
BRDA:51,9,0,0
BRDA:51,9,1,0
BRDA:62,10,0,0
BRDA:62,10,1,0
BRDA:81,11,0,0
BRDA:81,11,1,0
BRF:27
BRH:7
end_of_record
